<?xml version="1.0" encoding="UTF-8"?>
<coverage generated="1531141309">
  <project timestamp="1531141309">
    <package name="Istyle\LaravelDualCache">
      <file name="/Applications/MAMP/htdocs/laravel-dual-cache/src/DualCacheServiceProvider.php">
        <class name="Istyle\LaravelDualCache\DualCacheServiceProvider" namespace="Istyle\LaravelDualCache">
          <metrics complexity="6" methods="4" coveredmethods="0" conditionals="0" coveredconditionals="0" statements="11" coveredstatements="0" elements="15" coveredelements="0"/>
        </class>
        <line num="19" type="method" name="boot" visibility="public" complexity="1" crap="2" count="0"/>
        <line num="21" type="stmt" count="0"/>
        <line num="22" type="stmt" count="0"/>
        <line num="29" type="method" name="anonymousFunction:29#111" complexity="1" crap="2" count="0"/>
        <line num="30" type="stmt" count="0"/>
        <line num="31" type="stmt" count="0"/>
        <line num="32" type="stmt" count="0"/>
        <line num="33" type="stmt" count="0"/>
        <line num="40" type="method" name="anonymousFunction:40#187" complexity="1" crap="2" count="0"/>
        <line num="42" type="stmt" count="0"/>
        <line num="43" type="stmt" count="0"/>
        <line num="44" type="stmt" count="0"/>
        <line num="45" type="stmt" count="0"/>
        <line num="46" type="method" name="anonymousFunction:46#237" complexity="1" crap="2" count="0"/>
        <line num="47" type="stmt" count="0"/>
        <line num="48" type="stmt" count="0"/>
        <line num="51" type="stmt" count="0"/>
        <line num="52" type="stmt" count="0"/>
        <metrics loc="53" ncloc="40" classes="1" methods="4" coveredmethods="0" conditionals="0" coveredconditionals="0" statements="14" coveredstatements="0" elements="18" coveredelements="0"/>
      </file>
      <file name="/Applications/MAMP/htdocs/laravel-dual-cache/src/DualCacheStore.php">
        <class name="Istyle\LaravelDualCache\DualCacheStore" namespace="Istyle\LaravelDualCache">
          <metrics complexity="43" methods="12" coveredmethods="10" conditionals="0" coveredconditionals="0" statements="50" coveredstatements="48" elements="62" coveredelements="58"/>
        </class>
        <line num="33" type="method" name="__construct" visibility="public" complexity="1" crap="1" count="11"/>
        <line num="35" type="stmt" count="11"/>
        <line num="36" type="stmt" count="11"/>
        <line num="37" type="stmt" count="11"/>
        <line num="47" type="method" name="anonymousFunction:47#161" complexity="3" crap="3" count="9"/>
        <line num="48" type="stmt" count="9"/>
        <line num="49" type="stmt" count="9"/>
        <line num="50" type="stmt" count="2"/>
        <line num="52" type="stmt" count="7"/>
        <line num="53" type="stmt" count="7"/>
        <line num="54" type="stmt" count="2"/>
        <line num="57" type="stmt" count="5"/>
        <line num="58" type="stmt" count="9"/>
        <line num="70" type="method" name="anonymousFunction:70#276" complexity="1" crap="1" count="7"/>
        <line num="71" type="stmt" count="7"/>
        <line num="72" type="stmt" count="6"/>
        <line num="74" type="stmt" count="1"/>
        <line num="75" type="stmt" count="7"/>
        <line num="76" type="stmt" count="7"/>
        <line num="85" type="method" name="increment" visibility="public" complexity="4" crap="4" count="3"/>
        <line num="87" type="stmt" count="3"/>
        <line num="89" type="method" name="anonymousFunction:89#397" complexity="3" crap="3" count="3"/>
        <line num="90" type="stmt" count="3"/>
        <line num="91" type="stmt" count="3"/>
        <line num="92" type="stmt" count="3"/>
        <line num="93" type="stmt" count="1"/>
        <line num="95" type="stmt" count="2"/>
        <line num="96" type="stmt" count="1"/>
        <line num="99" type="stmt" count="1"/>
        <line num="101" type="stmt" count="0"/>
        <line num="102" type="stmt" count="0"/>
        <line num="105" type="stmt" count="0"/>
        <line num="106" type="stmt" count="3"/>
        <line num="116" type="method" name="decrement" visibility="public" complexity="4" crap="4" count="3"/>
        <line num="118" type="stmt" count="3"/>
        <line num="120" type="method" name="anonymousFunction:120#588" complexity="3" crap="3" count="3"/>
        <line num="121" type="stmt" count="3"/>
        <line num="122" type="stmt" count="3"/>
        <line num="123" type="stmt" count="3"/>
        <line num="124" type="stmt" count="1"/>
        <line num="126" type="stmt" count="2"/>
        <line num="127" type="stmt" count="1"/>
        <line num="130" type="stmt" count="1"/>
        <line num="132" type="stmt" count="0"/>
        <line num="133" type="stmt" count="0"/>
        <line num="136" type="stmt" count="0"/>
        <line num="137" type="stmt" count="3"/>
        <line num="146" type="method" name="forever" visibility="public" complexity="1" crap="1" count="2"/>
        <line num="148" type="stmt" count="2"/>
        <line num="149" type="stmt" count="2"/>
        <line num="159" type="method" name="anonymousFunction:159#792" complexity="3" crap="3.02" count="2"/>
        <line num="160" type="stmt" count="2"/>
        <line num="161" type="stmt" count="2"/>
        <line num="162" type="stmt" count="2"/>
        <line num="163" type="stmt" count="2"/>
        <line num="165" type="stmt" count="1"/>
        <line num="166" type="stmt" count="1"/>
        <line num="169" type="stmt" count="0"/>
        <line num="170" type="stmt" count="2"/>
        <line num="179" type="method" name="anonymousFunction:179#892" complexity="1" crap="1" count="1"/>
        <line num="180" type="stmt" count="1"/>
        <line num="181" type="stmt" count="1"/>
        <line num="182" type="stmt" count="1"/>
        <line num="183" type="stmt" count="1"/>
        <line num="197" type="method" name="secondaryStore" visibility="private" complexity="2" crap="2" count="10"/>
        <line num="199" type="stmt" count="10"/>
        <line num="200" type="stmt" count="10"/>
        <line num="203" type="stmt" count="10"/>
        <line num="213" type="method" name="handleError" visibility="protected" complexity="3" crap="3.07" count="10"/>
        <line num="216" type="stmt" count="10"/>
        <line num="217" type="stmt" count="1"/>
        <line num="218" type="stmt" count="1"/>
        <line num="219" type="stmt" count="1"/>
        <line num="221" type="stmt" count="0"/>
        <metrics loc="224" ncloc="155" classes="1" methods="12" coveredmethods="10" conditionals="0" coveredconditionals="0" statements="62" coveredstatements="54" elements="74" coveredelements="64"/>
      </file>
    </package>
    <package name="Istyle\LaravelDualCache\Exception">
      <file name="/Applications/MAMP/htdocs/laravel-dual-cache/src/Exception/DualCacheException.php">
        <class name="Istyle\LaravelDualCache\Exception\DualCacheException" namespace="Istyle\LaravelDualCache\Exception">
          <metrics complexity="0" methods="0" coveredmethods="0" conditionals="0" coveredconditionals="0" statements="0" coveredstatements="0" elements="0" coveredelements="0"/>
        </class>
        <metrics loc="12" ncloc="9" classes="0" methods="0" coveredmethods="0" conditionals="0" coveredconditionals="0" statements="0" coveredstatements="0" elements="0" coveredelements="0"/>
      </file>
    </package>
    <metrics files="3" loc="289" ncloc="204" classes="2" methods="16" coveredmethods="10" conditionals="0" coveredconditionals="0" statements="76" coveredstatements="54" elements="92" coveredelements="64"/>
  </project>
</coverage>
