<?xml version="1.0" encoding="UTF-8"?>
<coverage generated="1531218480">
  <project timestamp="1531218480">
    <package name="Istyle\LaravelDualCache">
      <file name="/Applications/MAMP/htdocs/laravel-dual-cache/src/DualCacheHandler.php">
        <class name="Istyle\LaravelDualCache\DualCacheHandler" namespace="Istyle\LaravelDualCache">
          <metrics complexity="3" methods="1" coveredmethods="1" conditionals="0" coveredconditionals="0" statements="5" coveredstatements="5" elements="6" coveredelements="6"/>
        </class>
        <line num="21" type="method" name="handle" visibility="public" complexity="3" crap="3" count="12"/>
        <line num="24" type="stmt" count="12"/>
        <line num="25" type="stmt" count="3"/>
        <line num="26" type="stmt" count="3"/>
        <line num="27" type="stmt" count="2"/>
        <line num="29" type="stmt" count="1"/>
        <metrics loc="32" ncloc="23" classes="1" methods="1" coveredmethods="1" conditionals="0" coveredconditionals="0" statements="5" coveredstatements="5" elements="6" coveredelements="6"/>
      </file>
      <file name="/Applications/MAMP/htdocs/laravel-dual-cache/src/DualCacheServiceProvider.php">
        <class name="Istyle\LaravelDualCache\DualCacheServiceProvider" namespace="Istyle\LaravelDualCache">
          <metrics complexity="5" methods="3" coveredmethods="0" conditionals="0" coveredconditionals="0" statements="14" coveredstatements="0" elements="17" coveredelements="0"/>
        </class>
        <line num="19" type="method" name="boot" visibility="public" complexity="1" crap="2" count="0"/>
        <line num="21" type="stmt" count="0"/>
        <line num="22" type="stmt" count="0"/>
        <line num="29" type="method" name="anonymousFunction:29#111" complexity="1" crap="2" count="0"/>
        <line num="30" type="stmt" count="0"/>
        <line num="31" type="stmt" count="0"/>
        <line num="32" type="stmt" count="0"/>
        <line num="33" type="stmt" count="0"/>
        <line num="35" type="stmt" count="0"/>
        <line num="36" type="stmt" count="0"/>
        <line num="43" type="method" name="anonymousFunction:43#189" complexity="1" crap="2" count="0"/>
        <line num="45" type="stmt" count="0"/>
        <line num="46" type="stmt" count="0"/>
        <line num="47" type="stmt" count="0"/>
        <line num="48" type="stmt" count="0"/>
        <line num="49" type="stmt" count="0"/>
        <line num="50" type="stmt" count="0"/>
        <line num="53" type="stmt" count="0"/>
        <line num="54" type="stmt" count="0"/>
        <metrics loc="55" ncloc="42" classes="1" methods="3" coveredmethods="0" conditionals="0" coveredconditionals="0" statements="16" coveredstatements="0" elements="19" coveredelements="0"/>
      </file>
      <file name="/Applications/MAMP/htdocs/laravel-dual-cache/src/DualCacheStore.php">
        <class name="Istyle\LaravelDualCache\DualCacheStore" namespace="Istyle\LaravelDualCache">
          <metrics complexity="39" methods="10" coveredmethods="9" conditionals="0" coveredconditionals="0" statements="39" coveredstatements="38" elements="49" coveredelements="47"/>
        </class>
        <line num="31" type="method" name="__construct" visibility="public" complexity="1" crap="1" count="13"/>
        <line num="36" type="stmt" count="13"/>
        <line num="37" type="stmt" count="13"/>
        <line num="38" type="stmt" count="13"/>
        <line num="39" type="stmt" count="13"/>
        <line num="49" type="method" name="anonymousFunction:49#164" complexity="2" crap="2" count="10"/>
        <line num="50" type="stmt" count="10"/>
        <line num="51" type="stmt" count="9"/>
        <line num="52" type="stmt" count="2"/>
        <line num="55" type="stmt" count="7"/>
        <line num="57" type="stmt" count="1"/>
        <line num="58" type="stmt" count="1"/>
        <line num="59" type="stmt" count="0"/>
        <line num="62" type="stmt" count="1"/>
        <line num="63" type="stmt" count="10"/>
        <line num="75" type="method" name="anonymousFunction:75#300" complexity="1" crap="1" count="7"/>
        <line num="76" type="stmt" count="7"/>
        <line num="77" type="stmt" count="6"/>
        <line num="79" type="stmt" count="1"/>
        <line num="80" type="stmt" count="7"/>
        <line num="81" type="stmt" count="7"/>
        <line num="90" type="method" name="increment" visibility="public" complexity="4" crap="4" count="3"/>
        <line num="92" type="stmt" count="3"/>
        <line num="94" type="method" name="anonymousFunction:94#421" complexity="3" crap="3" count="3"/>
        <line num="95" type="stmt" count="3"/>
        <line num="96" type="stmt" count="3"/>
        <line num="97" type="stmt" count="3"/>
        <line num="98" type="stmt" count="1"/>
        <line num="100" type="stmt" count="2"/>
        <line num="101" type="stmt" count="1"/>
        <line num="104" type="stmt" count="1"/>
        <line num="106" type="stmt" count="0"/>
        <line num="107" type="stmt" count="0"/>
        <line num="110" type="stmt" count="0"/>
        <line num="111" type="stmt" count="3"/>
        <line num="121" type="method" name="decrement" visibility="public" complexity="4" crap="4" count="3"/>
        <line num="123" type="stmt" count="3"/>
        <line num="125" type="method" name="anonymousFunction:125#612" complexity="3" crap="3" count="3"/>
        <line num="126" type="stmt" count="3"/>
        <line num="127" type="stmt" count="3"/>
        <line num="128" type="stmt" count="3"/>
        <line num="129" type="stmt" count="1"/>
        <line num="131" type="stmt" count="2"/>
        <line num="132" type="stmt" count="1"/>
        <line num="135" type="stmt" count="1"/>
        <line num="137" type="stmt" count="0"/>
        <line num="138" type="stmt" count="0"/>
        <line num="141" type="stmt" count="0"/>
        <line num="142" type="stmt" count="3"/>
        <line num="151" type="method" name="forever" visibility="public" complexity="1" crap="1" count="2"/>
        <line num="153" type="stmt" count="2"/>
        <line num="154" type="stmt" count="2"/>
        <line num="164" type="method" name="anonymousFunction:164#816" complexity="3" crap="3.02" count="3"/>
        <line num="165" type="stmt" count="3"/>
        <line num="166" type="stmt" count="2"/>
        <line num="167" type="stmt" count="2"/>
        <line num="168" type="stmt" count="2"/>
        <line num="170" type="stmt" count="1"/>
        <line num="171" type="stmt" count="1"/>
        <line num="174" type="stmt" count="0"/>
        <line num="175" type="stmt" count="3"/>
        <line num="184" type="method" name="anonymousFunction:184#916" complexity="1" crap="1" count="1"/>
        <line num="185" type="stmt" count="1"/>
        <line num="186" type="stmt" count="1"/>
        <line num="187" type="stmt" count="1"/>
        <line num="188" type="stmt" count="1"/>
        <metrics loc="198" ncloc="140" classes="1" methods="10" coveredmethods="9" conditionals="0" coveredconditionals="0" statements="56" coveredstatements="48" elements="66" coveredelements="57"/>
      </file>
    </package>
    <file name="/Applications/MAMP/htdocs/laravel-dual-cache/src/DualCacheHandlerInterface.php">
      <metrics loc="22" ncloc="12" classes="0" methods="0" coveredmethods="0" conditionals="0" coveredconditionals="0" statements="0" coveredstatements="0" elements="0" coveredelements="0"/>
    </file>
    <package name="Istyle\LaravelDualCache\Exception">
      <file name="/Applications/MAMP/htdocs/laravel-dual-cache/src/Exception/DualCacheException.php">
        <class name="Istyle\LaravelDualCache\Exception\DualCacheException" namespace="Istyle\LaravelDualCache\Exception">
          <metrics complexity="0" methods="0" coveredmethods="0" conditionals="0" coveredconditionals="0" statements="0" coveredstatements="0" elements="0" coveredelements="0"/>
        </class>
        <metrics loc="12" ncloc="9" classes="0" methods="0" coveredmethods="0" conditionals="0" coveredconditionals="0" statements="0" coveredstatements="0" elements="0" coveredelements="0"/>
      </file>
    </package>
    <metrics files="5" loc="319" ncloc="226" classes="3" methods="14" coveredmethods="10" conditionals="0" coveredconditionals="0" statements="77" coveredstatements="53" elements="91" coveredelements="63"/>
  </project>
</coverage>
